167
2 421 138 
3 406 301 350
4 384 32 253 412
2 358 219 
3 6 308 2
4 362 257 260 233
2 145 232 
3 140 472 265
4 250 289 272 489
2 316 28 
3 340 16 205
4 5 116 192 101
2 393 285 
3 304 177 457
4 356 222 75 114
2 142 183 
3 239 88 274
4 87 404 51 249
2 303 182 
3 383 10 30
4 329 91 35 34
2 44 201 
3 486 234 259
4 354 107 295 212
2 228 369 
3 103 380 109
4 387 466 115 463
2 124 323 
3 458 77 199
4 14 69 141 45
2 395 78 
3 148 143 175
4 491 359 286 168
2 414 392 
3 196 299 361
4 193 449 444 46
2 172 334 
3 482 480 268
4 229 368 353 53
2 266 425 
3 365 15 99
4 47 262 341 355
2 208 459 
3 460 60 40
4 38 330 54 333
2 336 464 
3 409 439 320
4 195 467 497 56
2 93 153 
3 74 461 256
4 349 327 434 155
2 50 339 
3 231 1 150
4 419 49 166 151
2 483 110 
3 42 209 264
4 292 438 160 448
2 481 111 
3 456 375 185
4 378 284 477 410
2 203 371 
3 105 351 121
4 352 306 71 415
2 398 194 
3 64 416 498
4 156 408 475 453
2 240 275 
3 382 33 318
4 62 119 411 20
2 187 108 
3 254 422 80
4 484 204 337 211
2 470 12 
3 326 36 11
4 374 314 125 137
2 106 496 
3 65 48 424
4 188 376 276 63
2 179 370 
3 97 26 9
4 319 263 197 0
2 373 420 
3 4 184 73
4 468 305 298 293
2 190 267 
3 282 291 55
4 302 360 296 171
2 280 29 
3 167 455 437
4 346 220 248 214
2 321 252 
3 325 251 89
4 246 442 462 169
2 237 43 
3 70 178 385
4 22 294 399 386
2 129 487 
3 417 244 58
4 335 242 307 37
2 379 401 
3 210 315 118
4 499 152 403 288
2 324 247 
3 344 159 465
4 328 283 238 342
2 66 273 
3 200 394 367
4 149 92 447 348
2 445 139 
3 381 279 471
4 261 255 131 223
2 216 312 
3 133 112 18
4 154 443 390 173
2 258 454 
3 357 413 213
4 221 3 317 451
2 161 72 
3 322 311 135
4 428 21 27 479
2 102 76 
3 236 98 227
4 435 79 397 191
2 158 157 
3 128 309 430
4 23 130 217 476
2 67 343 
3 122 90 94
4 363 332 493 176
2 440 450 
3 235 281 388
4 13 402 136 347
2 436 132 
3 17 269 31
4 313 345 96 123
2 407 270 
3 490 473 104
4 391 180 452 126
2 82 278 
3 427 113 364
4 245 218 377 52
2 389 84 
3 83 446 146
4 59 338 162 396
2 478 432 
3 433 429 224
4 297 127 134 39
2 81 277 
3 206 19 474
4 117 95 426 85
2 405 189 
3 300 488 147
4 494 174 170 8
2 400 230 
3 290 215 441
4 310 164 41 492
2 423 287 
3 68 271 25
4 243 485 100 202
2 57 331 
3 418 226 24
4 181 120 207 366
2 163 186 
3 144 7 61
4 165 241 198 469
2 372 431 
3 225 86 495
