1628
2 242 5511 
3 9826 94 1727
4 4591 9719 1553 3702
2 7587 7165 
3 3725 3066 5949
4 4614 8983 3265 6133
2 6191 5568 
3 883 8889 5418
4 2149 9210 3016 7201
2 3546 8959 
3 5837 2309 1555
4 8992 6564 4916 6135
2 1062 2399 
3 3007 4711 4441
4 1786 4755 3285 968
2 6301 3404 
3 7414 6429 3150
4 1717 751 595 385
2 2567 2365 
3 7282 840 9425
4 9568 5883 9340 1121
2 6511 9142 
3 6850 2217 1803
4 3299 9798 1784 4959
2 6460 2530 
3 1197 4933 1737
4 661 1571 5526 786
2 2757 8093 
3 8564 2394 3592
4 5503 5049 139 2663
2 4692 8494 
3 3705 2764 7246
4 1715 8003 5569 7713
2 5148 6934 
3 9531 6656 547
4 5034 1282 9821 3731
2 2835 5892 
3 2173 8774 3826
4 8111 436 3223 9058
2 4225 2472 
3 6304 3117 8624
4 48 5002 2345 6180
2 3165 3613 
3 6884 1573 7058
4 4203 5121 9734 8032
2 7119 1238 
3 455 326 8664
4 3309 8121 4765 4226
2 3035 7855 
3 8721 2786 6076
4 7764 535 7890 5205
2 5426 819 
3 1887 9538 9487
4 636 7861 5340 1872
2 3557 6660 
3 4570 3440 5535
4 3294 8802 7146 3921
2 7838 2941 
3 8991 8540 2335
4 9762 4857 1179 6739
2 5202 4722 
3 4186 5962 5173
4 1907 7033 8393 1858
2 5972 3596 
3 7980 1401 3710
4 5371 1942 5325 2888
2 7209 6849 
3 6861 9430 9624
4 5316 3408 4528 7370
2 8605 142 
3 8230 4828 1816
4 9244 5522 6447 8919
2 5355 1539 
3 2769 4720 9740
4 7135 1164 2379 250
2 7573 3799 
3 7959 9434 5812
4 3203 3257 328 5997
2 2458 3983 
3 6598 7456 4747
4 2904 499 9894 5045
2 9422 3970 
3 5321 4393 8112
4 6758 8739 4793 3129
2 2958 8542 
3 4641 2304 1654
4 9060 347 5393 1440
2 1764 979 
3 1069 8465 6674
4 1530 8407 4556 25
2 6868 5490 
3 907 5358 6013
4 6964 7700 9897 5133
2 2139 3743 
3 8553 477 7266
4 6935 2283 5587 2262
2 8005 8822 
3 3469 720 2701
4 4145 2245 5703 9831
2 5983 8080 
3 160 6244 9994
4 2228 3544 2165 716
2 6883 2700 
3 1108 3336 2866
4 7202 3969 6531 9375
2 4043 2471 
3 1603 3913 9209
4 9476 8927 7913 1491
2 3061 6469 
3 6353 9061 4478
4 1166 8879 1882 793
2 4263 2156 
3 370 7687 7386
4 8995 6949 9964 8337
2 8953 9094 
3 147 1523 4065
4 6075 6149 2979 8012
2 4191 7840 
3 9503 8719 6375
4 3025 9769 2082 8103
2 3340 2760 
3 5871 523 1201
4 5319 7966 5328 9556
2 7566 8272 
3 3733 6483 6323
4 1515 3427 4240 4615
2 7426 2258 
3 9461 6819 4983
4 3724 9398 9754 7443
2 7618 1672 
3 6410 8208 8401
4 4279 9592 3526 8268
2 4655 2352 
3 4851 1914 8562
4 3491 8336 4460 9795
2 9353 702 
3 542 7240 6623
4 23 9564 822 5868
2 3861 6462 
3 6736 4795 630
4 9620 1114 3013 9456
2 9316 1866 
3 996 98 5913
4 5646 9302 3535 8249
2 6567 3403 
3 375 6942 6766
4 9539 8978 5797 5816
2 1015 8717 
3 6448 7134 771
4 9048 9081 6480 746
2 6596 4266 
3 9338 2628 605
4 808 927 4944 4592
2 53 3237 
3 2793 7481 1368
4 4949 9506 5724 3431
2 5170 2653 
3 5617 9904 4020
4 4608 4698 5161 9261
2 1414 42 
3 3000 1961 3833
4 1972 8865 9483 2196
2 3323 123 
3 4739 8683 2901
4 8569 1041 1695 4068
2 3351 3231 
3 7306 4848 4689
4 4672 8826 442 8870
2 6345 7029 
3 7691 7111 890
4 275 6772 7098 3168
2 3209 1096 
3 9595 1915 6181
4 2988 5826 5113 162
2 7940 9824 
3 4971 4830 439
4 3002 5022 7342 4256
2 1473 7318 
3 6862 1216 1520
4 2216 4118 5562 8006
2 1257 5618 
3 3856 8588 9172
4 2420 3914 4712 6212
2 5394 5060 
3 2828 8042 8509
4 7210 6255 5127 3622
2 1094 5052 
3 9020 9012 5860
4 2513 2179 8008 829
2 2440 6579 
3 2779 330 5858
4 6916 9947 471 2160
2 1200 8645 
3 3600 2829 9711
4 9195 898 39 2499
2 329 231 
3 5845 5078 8631
4 7865 668 2531 9973
2 7168 1556 
3 4946 3111 796
4 9800 7225 5171 6450
2 9930 7228 
3 4361 8777 7994
4 1668 1410 8029 1451
2 5820 6475 
3 9572 320 2877
4 1620 4871 4376 4565
2 4259 4109 
3 4351 7657 6026
4 9034 1279 4669 4696
2 8866 309 
3 4781 4021 7598
4 1305 1581 3658 4996
2 5764 3949 
3 7722 3332 6991
4 3156 1728 4492 8085
2 2107 1350 
3 2642 492 6293
4 8519 6346 8932 6242
2 915 3443 
3 8754 7682 4066
4 6213 2846 9829 9737
2 1635 8265 
3 3564 6731 5907
4 5200 7762 3126 5337
2 2589 4483 
3 8296 3392 350
4 4303 4211 4456 3050
2 8636 7259 
3 3747 6831 2743
4 5776 4963 5697 6854
2 3683 7193 
3 694 5390 2538
4 519 4229 7395 9729
2 1101 1953 
3 4194 8688 8902
4 8788 5743 2594 9546
2 2966 9507 
3 454 8428 6905
4 4899 5644 8951 8483
2 3462 6719 
3 7040 9194 5101
4 5755 8126 8185 9299
2 949 3539 
3 4306 5626 4707
4 5748 9776 2077 1132
2 924 6043 
3 4733 4724 4249
4 2944 7030 875 9654
2 1600 9491 
3 2935 4116 9807
4 1487 7049 475 8823
2 3811 3776 
3 380 6955 1307
4 9649 4774 6704 3131
2 3620 1631 
3 7577 3785 6680
4 2098 1574 9032 5275
2 9102 4638 
3 2011 5633 2121
4 9928 6383 3730 1331
2 7258 3891 
3 4616 2787 655
4 9228 2153 5589 5181
2 4552 6793 
3 7214 6632 3082
4 1861 4593 1595 6943
2 1734 2598 
3 3758 2851 8511
4 1189 1989 551 4876
2 8926 2442 
3 8223 5771 7619
4 4232 7284 744 9404
2 5541 7906 
3 3975 6631 9527
4 70 9631 3789 6341
2 683 1665 
3 2765 6899 3041
4 9801 6405 1269 4863
2 8575 4677 
3 3003 233 6157
4 7301 6343 3396 8670
2 1226 5941 
3 5332 3494 2033
4 6889 2643 8158 4653
2 1032 816 
3 6015 7212 8390
4 3455 9883 1415 598
2 5268 1093 
3 9416 8769 5575
4 6425 1054 1647 641
2 9833 3125 
3 9516 7244 6716
4 4131 3326 7129 692
2 4714 3384 
3 6740 6154 6141
4 7241 9676 1926 8203
2 4382 4695 
3 7522 9632 4092
4 2950 4352 5978 2532
2 6110 6257 
3 4260 2254 9279
4 8094 5713 9387 6359
2 6893 3356 
3 3012 4344 3095
4 6757 2397 3145 2547
2 7938 1986 
3 4845 2235 1937
4 935 8294 3153 4035
2 8385 7308 
3 9443 437 1697
4 8787 844 3391 5180
2 6442 4053 
3 3335 1248 1946
4 8048 1495 2284 6431
2 1034 7902 
3 4872 5680 9787
4 6735 9946 1467 1739
2 7954 6355 
3 5282 7570 8580
4 5882 7101 7842 4992
2 4587 9009 
3 2275 2812 6543
4 7290 1478 1818 1445
2 2867 6801 
3 5474 8644 6687
4 8893 18 3274 9329
2 9916 5963 
3 4544 9935 9548
4 7538 6612 2900 9166
2 4420 984 
3 6807 2631 2999
4 8555 7172 9718 2710
2 9975 7897 
3 736 1703 8228
4 3554 3566 1934 7251
2 6865 8395 
3 5168 7484 1087
4 7720 7077 7065 4853
2 4719 9666 
3 4769 7219 7599
4 7247 6446 9569 2559
2 8004 6373 
3 9285 9986 3703
4 4884 3387 9091 2167
2 6890 356 
3 1552 6519 9635
4 1458 4532 2240 5649
2 7161 824 
3 4895 9565 95
4 5438 4515 7385 3183
2 7904 9334 
3 4293 8248 9500
4 1871 7645 6917 6369
2 5294 8293 
3 2834 5120 240
4 4274 5228 200 9413
2 4502 9123 
3 3426 7745 5398
4 6330 8066 1792 7778
2 9490 3555 
3 543 3089 5486
4 4292 2584 6932 2353
2 188 5756 
3 4482 7180 546
4 1374 7979 3329 6179
2 5665 8611 
3 286 6080 6006
4 9289 9103 4100 9013
2 5350 2130 
3 4309 4188 9389
4 2543 7262 9290 5635
2 2844 4449 
3 7309 7118 8110
4 6443 3581 52 8918
2 5779 3881 
3 9393 3039 1412
4 5197 9099 7843 1115
2 8948 7699 
3 7952 3695 1482
4 5448 9601 6199 4546
2 7406 2500 
3 7323 2492 9196
4 9645 640 7232 7471
2 5687 111 
3 253 2192 6124
4 3341 5386 9208 7021
2 4991 2832 
3 9965 2620 2777
4 7104 8123 8452 1320
2 850 8432 
3 172 5067 4814
4 7521 5165 6539 9021
2 5103 3959 
3 6969 7684 6560
4 2843 3560 4367 5663
2 4220 1250 
3 4400 7896 4093
4 748 3567 600 1338
2 1888 4498 
3 3866 3170 597
4 897 812 7827 3995
2 4951 7895 
3 7192 1691 9940
4 8976 6273 5808 6099
2 7686 1438 
3 5759 1865 6619
4 1251 664 7440 7252
2 486 2287 
3 1517 307 4837
4 5695 1013 4746 6507
2 8551 5879 
3 6326 8429 6037
4 6669 2522 4626 7496
2 6599 4099 
3 5384 4201 3094
4 6940 4154 6487 3441
2 5028 1311 
3 354 7600 7504
4 4200 9665 9364 8621
2 7564 7394 
3 1604 9036 3493
4 4313 127 243 6104
2 6360 1050 
3 163 9234 6514
4 6246 5750 7582 8067
2 6872 7770 
3 7498 9293 4357
4 1675 5087 5283 520
2 4499 9891 
3 8189 6194 6207
4 8533 5794 2306 719
2 2406 3498 
3 31 8365 4002
4 1987 1689 8637 4353
2 5035 4158 
3 9803 2495 7461
4 4026 7469 8345 8317
2 5084 9163 
3 7638 1386 3723
4 5063 8420 6871 3236
2 6471 2729 
3 2924 6841 7774
4 7132 2060 4122 7393
2 7066 4364 
3 1236 3565 919
4 8771 71 6279 9888
2 6727 5780 
3 1977 914 8528
4 1454 5701 3476 8460
2 9002 5954 
3 8692 7015 3517
4 9481 5434 3481 6342
2 8908 6690 
3 2516 2920 5229
4 4255 8132 3520 5287
2 2285 9199 
3 1362 3406 5415
4 8937 8454 2414 7596
2 5105 2001 
3 4794 4643 8795
4 6606 6508 768 3906
2 1182 734 
3 7800 6947 7293
4 658 9793 8037 1276
2 6518 9217 
3 7431 6848 3956
4 1000 9335 6829 1705
2 3123 5186 
3 5833 2967 2281
4 9571 7751 1912 6553
2 8391 7549 
3 6282 7312 2377
4 9756 5488 1509 4195
2 1732 7706 
3 2290 629 3105
4 7503 164 4818 3288
2 3429 9753 
3 1430 2876 115
4 3081 2326 488 7575
2 4803 5405 
3 4295 637 7540
4 145 5981 645 2736
2 3699 7697 
3 1058 7023 2884
4 8259 4350 8435 5537
2 4632 6347 
3 4179 7419 1068
4 576 7604 4110 5608
2 1021 4985 
3 7274 9003 8691
4 3302 2994 7317 6499
2 1441 4164 
3 2193 9880 4310
4 9486 2143 8052 1334
2 9806 8264 
3 9840 7255 1661
4 964 989 1636 2296
2 9652 4042 
3 6289 6217 8752
4 9249 8064 7568 9212
2 8581 4806 
3 2383 1787 539
4 9405 2067 4417 4078
2 7815 6802 
3 669 8043 3444
4 6249 9576 6489 238
2 6444 6225 
3 9760 9675 6713
4 9638 6291 3609 2232
2 4214 7164 
3 8914 7429 7176
4 3927 8835 3547 3634
2 2767 7099 
3 1696 654 6091
4 591 7983 3238 9350
2 1485 5897 
3 8960 5637 4440
4 4205 3550 4986 6274
2 6400 5976 
3 4355 8307 8477
4 5773 6023 8686 9802
2 3459 6187 
3 845 8076 8251
4 3773 7127 7718 5725
2 2132 6561 
3 5437 3732 9239
4 3418 3414 9383 405
2 9533 4443 
3 580 2358 461
4 1606 9291 5497 3471
2 6537 431 
3 8329 5153 1774
4 9047 4624 8813 8364
2 9004 3849 
3 9981 7875 6008
4 5935 3819 1513 9284
2 6593 252 
3 2261 9514 4247
4 4625 795 8537 7432
2 3883 9715 
3 6783 2616 4604
4 8745 620 383 5323
2 7097 1171 
3 5707 5341 602
4 1645 8323 7170 5801
2 8957 7557 
3 4629 9581 8729
4 2748 2675 2032 4468
2 2122 9324 
3 553 2923 9819
4 5971 1745 80 4824
2 8152 6891 
3 3136 9448 8301
4 7868 1783 8044 362
2 3437 8783 
3 526 862 5952
4 2557 1938 2043 682
2 1641 9343 
3 6710 6592 7346
4 704 2745 3395 7736
2 3619 7034 
3 1053 802 1852
4 5943 7473 8608 1031
2 7511 6423 
3 4386 6227 6653
4 6607 1460 9237 9259
2 3889 1107 
3 8381 8129 6260
4 8013 7585 1936 9040
2 761 1234 
3 899 8445 4237
4 1117 3355 590 596
2 1744 5284 
3 1304 8433 8936
4 8371 8568 4341 6057
2 8291 8165 
3 2164 33 6288
4 6516 8386 2128 2963
2 1288 2303 
3 2737 6880 3492
4 2951 8327 2809 5329
2 4539 6784 
3 5651 5070 5961
4 8192 478 7765 6962
2 7012 3945 
3 2221 509 3690
4 5413 6951 4699 2916
2 1733 5326 
3 3107 554 8444
4 104 1881 3269 8994
2 73 6351 
3 4117 7756 7957
4 9358 1848 3023 4927
2 1161 8358 
3 5928 823 9504
4 8394 5453 116 3729
2 1317 1688 
3 9992 750 5832
4 249 4506 440 9844
2 9073 3700 
3 4074 3754 6145
4 5382 4462 9705 1712
2 6980 1330 
3 7478 9708 237
4 4934 7665 4911 4717
2 843 5574 
3 8128 7280 6386
4 408 8803 711 5435
2 8349 7591 
3 4700 5024 7424
4 8781 8304 7873 420
2 2752 2293 
3 7330 9731 9039
4 3055 5578 9856 846
2 6571 117 
3 8718 9567 3516
4 1081 1658 2395 3235
2 2315 2260 
3 2993 8883 830
4 5187 9951 1735 5761
2 2591 5372 
3 1275 1083 8547
4 1123 3503 7257 962
2 7551 4031 
3 9025 2443 3880
4 360 5612 4015 8969
2 9000 3048 
3 5751 5621 1016
4 8585 2097 3046 3815
2 5804 7725 
3 9307 7766 9864
4 2562 1920 3857 1619
2 8270 8099 
3 7543 3574 2874
4 6315 1957 7603 7100
2 8344 7109 
3 1608 6920 6622
4 2590 688 2375 6608
2 7534 6581 
3 3421 9612 4338
4 6421 9137 7339 6188
2 4634 5565 
3 2224 3591 3442
4 6490 280 2140 4486
2 7737 9885 
3 6084 5031 7818
4 8266 1413 2773 1944
2 6461 5850 
3 9622 4852 2756
4 7658 7795 9707 5973
2 7794 6152 
3 857 2841 6556
4 1004 4000 3977 2244
2 1856 7004 
3 6034 8565 4554
4 3929 495 9501 9352
2 1583 9394 
3 5796 5745 6591
4 208 7945 448 3151
2 5230 4139 
3 1659 5852 228
4 1139 5994 1122 124
2 430 3712 
3 7790 5909 5775
4 6243 5381 966 7358
2 514 6356 
3 5603 8334 9972
4 2555 7608 9542 7808
2 4877 5996 
3 2698 8198 8659
4 882 7912 5791 9256
2 3275 4775 
3 7354 3859 9842
4 1165 6238 1607 4691
2 9322 5421 
3 6839 3635 8352
4 4919 4978 684 3930
2 1791 2609 
3 7412 404 4743
4 8785 1943 1698 6068
2 9494 6125 
3 5312 1676 6836
4 1782 7407 1025 7887
2 1223 6159 
3 358 9522 3782
4 8095 8501 9148 1411
2 5586 7967 
3 2660 6791 5686
4 2019 3854 3976 6324
2 9701 2053 
3 686 8476 4257
4 7191 6798 894 1576
2 4987 3846 
3 767 3839 4500
4 4029 717 8220 3698
2 6055 9206 
3 4300 7883 1319
4 880 9825 4258 6952
2 3045 1678 
3 9286 6881 1999
4 8440 6147 4077 4296
2 7139 8586 
3 4329 4752 908
4 5988 4371 932 1497
2 3477 4434 
3 4140 9706 5414
4 3641 8022 3802 7786
2 7541 8824 
3 7659 5843 7640
4 4340 8546 9391 5835
2 3133 5987 
3 934 6283 5523
4 7556 3827 3715 4918
2 8142 4119 
3 295 234 6573
4 9958 2521 2337 8751
2 2795 154 
3 1788 496 2674
4 9664 4967 5564 7918
2 1713 3704 
3 6414 5807 1281
4 6941 7022 7801 8676
2 8655 274 
3 3558 4558 8744
4 2804 6452 2759 1239
2 5451 5727 
3 8810 5520 1078
4 3221 3201 2879 2327
2 2178 310 
3 4289 5594 1976
4 8638 3497 6778 9751
2 691 6603 
3 8361 9273 6770
4 8400 4861 5838 960
2 6707 7915 
3 8954 2380 8592
4 8626 4860 9165 9744
2 6406 6493 
3 1141 5514 8039
4 6677 338 8163 4846
2 8144 3629 
3 6263 8321 6409
4 4566 4981 265 2719
2 17 2123 
3 6388 8556 9900
4 4551 2094 4327 6813
2 8030 4823 
3 7525 8760 7113
4 2803 9606 8885 579
2 1127 3486 
3 4359 138 464
4 7882 2344 4453 8510
2 7740 4485 
3 2054 1890 297
4 5410 3037 6334 5540
2 7335 7087 
3 3108 2238 1901
4 6678 4693 6542 3737
2 8322 9790 
3 993 4882 3018
4 1273 2980 7199 8912
2 8403 5613 
3 3598 9414 2782
4 1560 4892 1498 2646
2 7752 6143 
3 5896 472 5447
4 5259 7349 5570 7352
2 5760 6566 
3 7612 7653 8242
4 6530 2650 9134 8904
2 341 6988 
3 9517 3104 9323
4 6995 5668 866 1133
2 9117 8844 
3 264 195 5051
4 3543 2425 978 920
2 4004 1614 
3 8305 4645 3504
4 3024 5655 8711 8446
2 4915 5037 
3 8441 4390 2366
4 1857 5712 45 3534
2 8827 2635 
3 7187 6370 2645
4 6093 7013 7820 1339
2 3044 4009 
3 1450 287 1771
4 8325 9089 6977 9515
2 8831 1706 
3 6747 2991 8924
4 1814 2692 8577 6050
2 6250 789 
3 1402 6172 549
4 8507 9106 2268 2859
2 3432 7031 
3 4343 1072 2242
4 4175 317 9271 3660
2 8108 9915 
3 8168 998 7476
4 112 3753 5188 3282
2 8190 7205 
3 8138 2684 9585
4 6272 3499 241 8896
2 37 9213 
3 6722 7002 8
4 4297 1067 2108 1028
2 4120 1578 
3 321 3 4197
4 4633 8663 1353 5607
2 1779 939 
3 7211 8497 9044
4 6818 4530 3552 8092
2 6743 4657 
3 102 5681 6336
4 8543 1804 8233 2527
2 3070 4011 
3 6522 3837 666
4 5999 3761 8137 7583
2 3950 3708 
3 4089 3287 6078
4 43 1409 5793 5196
2 2106 1544 
3 4107 3239 4174
4 9131 4362 9336 9428
2 5985 4319 
3 2657 5560 6746
4 4928 3382 2595 333
2 8226 9156 
3 6209 9250 5849
4 9132 66 4572 173
2 1662 6724 
3 854 7487 6085
4 4395 9929 180 7798
2 6786 633 
3 1110 3751 8780
4 4549 7965 4428 9785
2 870 2677 
3 8197 7947 3271
4 8776 8741 5129 3386
2 8658 9923 
3 4435 2750 4129
4 182 5273 8570 6503
2 2246 9445 
3 5315 5233 8815
4 6123 9178 9871 1434
2 1541 9474 
3 6328 344 888
4 4060 2505 4697 3006
2 4668 2766 
3 9508 8518 6463
4 8308 426 1400 2431
2 6321 9817 
3 2608 7822 4034
4 5683 1453 103 7984
2 700 9952 
3 859 221 3760
4 9084 6555 2092 5162
2 9147 6029 
3 457 498 9126
4 2682 7363 5125 925
2 7074 76 
3 207 1214 9180
4 6182 2933 7047 8895
2 1919 272 
3 4856 6418 2981
4 9747 7950 7430 1551
2 5555 4193 
3 7631 1846 2648
4 667 4067 5227 2239
2 2576 7602 
3 4729 3874 1488
4 2721 3049 1967 5267
2 7173 5300 
3 9458 179 57
4 5876 3576 4956 2415
2 1812 4620 
3 8881 3527 6925
4 9887 9115 7744 9593
2 4429 9168 
3 150 588 550
4 6271 5989 4526 8956
2 2462 5769 
3 3757 4896 6459
4 1439 886 4155 9774
2 9562 9552 
3 8229 2925 3500
4 5491 5740 2892 298
2 2118 3401 
3 8942 2433 7272
4 4801 9469 245 9146
2 2455 8987 
3 4224 7108 7683
4 2483 6412 1095 4988
2 2614 8377 
3 9441 7821 7535
4 2058 3487 7933 8867
2 8694 7935 
3 4054 5557 1568
4 8366 7313 7804 6058
2 5178 9236 
3 7625 9799 2511
4 99 1152 9071 7435
2 9119 1609 
3 9684 202 2597
4 3764 1036 7383 5412
2 5184 6266 
3 1404 9260 3146
4 5473 2003 4973 1743
2 2881 6053 
3 4838 9265 9809
4 5521 463 2356 1855
2 9472 5889 
3 5734 1935 335
4 3538 7286 306 9100
2 8734 2790 
3 8700 3073 7719
4 4280 4584 6944 334
2 8049 7400 
3 4419 1369 5345
4 8973 1623 2733 3682
2 8708 953 
3 9781 2135 5351
4 9685 2695 5867 528
2 7147 2349 
3 5692 2561 4480
4 62 8753 7925 9478
2 7362 7433 
3 9354 8379 1649
4 9811 5598 4603 1466
2 2817 7046 
3 2816 586 3750
4 4278 1642 1772 9141
2 4427 1916 
3 6404 8384 1618
4 749 8665 3134 2408
2 3083 3697 
3 2073 611 653
4 2233 9026 4654 3939
2 9079 108 
3 9370 8928 3116
4 4221 4878 2688 3548
2 2929 2496 
3 4497 2640 4923
4 3911 4501 8723 3458
2 5322 1160 
3 1617 6820 801
4 7779 3925 2520 1209
2 3254 3399 
3 5677 1797 1022
4 2799 4997 3873 4989
2 4366 807 
3 5400 7361 5281
4 184 2347 9558 3915
2 5225 6184 
3 2671 3119 4051
4 4628 451 4527 6900
2 273 8289 
3 4415 5942 8986
4 8984 9030 7011 146
2 2223 2968 
3 2247 3809 3435
4 6826 4374 7295 2251
2 6322 7347 
3 8342 4052 2826
4 2697 9911 820 6760
2 7092 548 
3 9724 7052 7773
4 8561 5573 4458 4178
2 5828 4143 
3 3978 5175 4098
4 3903 9573 8397 5968
2 5348 5003 
3 6796 4022 3026
4 4007 5524 3736 7814
2 9317 3893 
3 386 7060 304
4 6190 8797 4059 3680
2 5768 1172 
3 2811 7014 323
4 7389 9600 2794 5422
2 1673 4418 
3 5719 6921 1061
4 5274 7279 9633 4684
2 878 6586 
3 391 8204 7760
4 5107 7115 9792 3080
2 3638 4741 
3 3393 3084 481
4 4322 5106 8901 3109
2 5623 9936 
3 7797 9421 6380
4 465 4982 357 8755
2 5957 4437 
3 8975 7264 156
4 7195 6502 2819 3905
2 6062 9066 
3 4177 5532 2226
4 4474 6809 959 6312
2 5475 756 
3 1817 9318 3295
4 5108 1407 1398 3843
2 1805 1147 
3 5906 7975 1723
4 351 3645 5077 246
2 3767 8153 
3 1577 8606 8143
4 7314 4833 6339 7858
2 9133 7265 
3 1605 7832 3674
4 9108 2744 649 3202
2 1591 4621 
3 4737 6993 6853
4 2463 2783 1390 7329
2 8778 931 
3 5014 5910 4966
4 7296 2971 4422 7639
2 6888 6574 
3 657 9154 2048
4 7985 8869 3292 5636
2 7184 3752 
3 1883 5166 3651
4 3868 7365 7381 489
2 359 1918 
3 5654 4050 9898
4 9439 8657 6437 722
2 9226 2689 
3 8470 9553 725
4 9173 2706 1422 3867
2 5741 1801 
3 9636 5331 9876
4 7242 7908 270 1911
2 9702 9243 
3 7916 8370 6787
4 6130 9746 1203 999
2 6512 1524 
3 7415 7971 6773
4 2008 2181 9348 8520
2 1048 5163 
3 721 8472 9304
4 1572 1419 9644 7421
2 8687 7825 
3 9287 7276 428
4 1626 9890 5856 4642
2 3646 4640 
3 3672 9557 5007
4 3590 8087 4425 7791
2 955 8015 
3 1284 9050 3176
4 6954 9186 2320 8194
2 621 8427 
3 3831 8724 4227
4 1321 1537 583 4079
2 2714 6781 
3 1100 777 8057
4 8622 8306 4875 8241
2 799 3354 
3 3572 8935 895
4 9906 1044 4228 9255
2 4726 2141 
3 1742 6930 6121
4 2517 9698 6397 1138
2 2704 642 
3 5232 3948 9914
4 972 3328 4670 5609
2 5702 7869 
3 9164 4163 7319
4 9278 3862 8934 5061
2 3166 3482 
3 256 28 7325
4 5480 8292 954 5460
2 2280 3128 
3 1529 6694 3871
4 5487 1388 5861 2159
2 5484 4885 
3 6844 158 6492
4 5806 8620 2568 1854
2 6376 4189 
3 693 3601 5092
4 288 985 3467 6828
2 6028 1129 
3 8438 7982 8060
4 7708 3919 6985 617
2 7644 8589 
3 6211 2540 4571
4 6922 3875 1286 8809
2 3072 855 
3 2836 1009 167
4 6280 9535 2166 8609
2 8640 8801 
3 2808 144 6961
4 9214 2004 9215 7120
2 2109 5071 
3 7819 7178 5110
4 6749 3790 9877 7655
2 9704 8514 
3 7028 3507 7972
4 2168 8312 5611 7249
2 1366 4406 
3 6616 5073 7845
4 1863 8554 4921 7311
2 7039 4891 
3 8868 8832 2910
4 6138 255 3649 3001
2 3322 9224 
3 2298 7931 9886
4 3433 6684 6169 3122
2 8532 2407 
3 9155 8677 604
4 9770 4680 5343 5416
2 3075 5209 
3 8186 3716 4172
4 4807 9022 9646 6112
2 1584 2028 
3 141 6972 3971
4 7376 7614 2360 4637
2 6974 8593 
3 7909 1471 6700
4 815 1651 4028 4407
2 2855 2903 
3 210 2792 4550
4 1055 1274 9578 2253
2 8847 7990 
3 9758 4524 8672
4 5784 4906 8789 9827
2 9295 8355 
3 6987 2138 9789
4 266 9174 6863 4518
2 7567 7944 
3 5093 9615 3512
4 1005 3250 970 4345
2 3388 647 
3 493 3625 9956
4 7307 7315 5285 1670
2 183 4660 
3 3801 2960 7452
4 2797 5676 3511 2823
2 3172 853 
3 7482 5714 565
4 4331 3074 841 5927
2 443 3318 
3 635 5492 218
4 6549 6554 6331 8730
2 8521 9938 
3 7340 7142 8309
4 9074 9088 7677 679
2 5908 2387 
3 5670 7792 1255
4 6481 1762 5525 5265
2 9893 3350 
3 4905 8072 8368
4 9281 8263 7995 8009
2 6658 2585 
3 3673 279 5947
4 9748 6032 2095 7529
2 1258 5585 
3 2484 2453 8075
4 2604 92 4003 3211
2 9726 9693 
3 1896 4758 1242
4 8890 638 8269 9582
2 2291 3816 
3 5072 2611 1192
4 5811 211 7889 5290
2 3415 9954 
3 8843 4251 9167
4 1367 2713 4230 2007
2 4822 5619 
3 6077 1927 5309
4 2569 4910 5231 29
2 4152 5721 
3 5817 5900 9417
4 2478 4235 6661 1134
2 6709 7057 
3 1196 2016 5461
4 6354 4169 2101 7336
2 3261 4650 
3 2487 5884 5130
4 5436 7973 1225 1070
2 6500 3352 
3 6978 4269 5392
4 3803 5924 6224 6902
2 2198 8550 
3 2286 7956 262
4 7044 8929 9049 2384
2 9262 4609 
3 1437 6127 4894
4 217 2497 1153 3317
2 6206 2336 
3 5842 4613 4735
4 8034 4170 2110 7220
2 5601 2429 
3 2423 7723 5606
4 6886 8710 5364 7714
2 8653 9107 
3 3206 8646 3694
4 5207 8818 1829 7824
2 4937 1140 
3 290 3059 5215
4 3938 1264 5431 5627
2 6693 4233 
3 6337 5432 3316
4 2403 5652 9345 2833
2 3717 1011 
3 63 8599 6010
4 1336 5387 813 3357
2 5018 8040 
3 9429 4097 7590
4 8363 4421 1575 5211
2 9974 5085 
3 7359 5901 627
4 4446 1522 4764 1835
2 3980 6210 
3 5674 2330 9543
4 1660 1655 5182 6264
2 1001 1003 
3 6275 4291 5567
4 3043 271 4087 2482
2 8130 6415 
3 4048 836 8053
4 4952 3663 569 9889
2 1795 9373 
3 2062 849 2575
4 7593 4141 6895 6241
2 2214 5737 
3 107 9999 3579
4 6926 4397 1868 5304
2 8931 6590 
3 7692 7630 6318
4 9363 8490 7803 3027
2 206 6067 
3 9222 3502 3853
4 7179 3424 8079 2105
2 1084 8696 
3 4136 2142 1007
4 5653 6578 2683 5866
2 4262 4812 
3 8214 5109 4046
4 9018 1191 1708 8850
2 1199 672 
3 4862 7088 6014
4 5096 1546 9912 8668
2 8852 9656 
3 1259 6756 4481
4 2410 7785 1335 9521
2 8346 6602 
3 4869 1799 7811
4 9687 4976 433 3258
2 4513 5218 
3 96 3642 7780
4 6620 6381 2927 9848
2 5810 6303 
3 220 5774 3447
4 3876 3524 8310 3774
2 9570 6847 
3 9085 479 9485
4 2396 5536 3062 9113
2 6216 9382 
3 3946 6286 9149
4 8117 2975 573 7509
2 5716 2220 
3 3140 6161 6936
4 8989 8679 5295 1767
2 3772 1884 
3 7634 7140 2945
4 3473 2145 4314 4384
2 4187 3748 
3 5510 4008 3451
4 3248 2301 7032 6938
2 9566 3604 
3 8742 476 4909
4 2368 1383 7025 9270
2 9752 8794 
3 2209 8054 4012
4 9360 1685 82 5016
2 4533 7283 
3 3759 6641 8671
4 3926 3626 1358 6063
2 6173 2939 
3 3364 5930 7009
4 7123 2789 6594 9444
2 2207 6379 
3 933 7446 9767
4 8999 7181 8209 131
2 6402 6319 
3 6087 6907 8288
4 5179 3545 6348 5342
2 6491 5494 
3 5082 7106 5369
4 1770 8699 5009 1549
2 889 3093 
3 2117 9179 3135
4 2426 4040 6662 1941
2 2912 456 
3 8150 9716 2363
4 7468 2822 4180 6167
2 9189 3205 
3 4942 4348 5122
4 826 6306 8833 3961
2 9498 7523 
3 8747 5204 5004
4 9386 312 8829 3222
2 9161 1796 
3 8596 7548 1897
4 2780 4924 9541 8299
2 7588 2905 
3 6794 7833 6856
4 1263 1057 3229 7605
2 9699 8834 
3 5854 3058 4597
4 3191 712 5149 3290
2 416 7001 
3 6391 4217 2450
4 974 2570 9534 893
2 4231 9917 
3 9294 5257 2751
4 8071 9703 9608 7298
2 2183 2770 
3 9629 3897 6754
4 8405 2592 8955 6284
2 5356 3400 
3 1627 1490 5944
4 7830 8748 7425 2639
2 4388 1616 
3 4520 2938 2264
4 7194 8614 3981 2978
2 2882 2493 
3 3446 2670 1960
4 699 2006 3175 3266
2 1862 9650 
3 7663 2256 9860
4 9983 8020 1790 4538
2 2535 2798 
3 3468 9231 9977
4 6833 5595 8841 2111
2 2953 9661 
3 9227 1486 7405
4 8888 3643 7048 6864
2 2064 3076 
3 6910 8434 6975
4 1700 230 851 5863
2 9948 6024 
3 1806 6698 7107
4 3420 7729 5408 1602
2 4016 5286 
3 9690 9055 6126
4 7403 2204 8782 8837
2 6235 4965 
3 7738 6627 5485
4 3112 7316 4426 4825
2 5984 6364 
3 3653 3895 7894
4 4874 4132 1146 32
2 4334 3267 
3 5237 8848 4866
4 7610 7326 5504 5831
2 4489 6040 
3 6611 7998 6485
4 8732 2528 6569 3438
2 5800 9493 
3 7531 9359 7698
4 7497 4267 9784 2730
2 1178 2574 
3 4488 8993 3888
4 8090 5308 9618 5443
2 3032 5939 
3 6729 2021 8871
4 1769 2346 2601 5040
2 7273 9551 
3 8968 1566 4893
4 6186 5634 9532 9242
2 6163 3053 
3 4444 8851 2534
4 9749 8805 6830 438
2 7441 9488 
3 521 6774 3851
4 4045 7616 5254 4589
2 2470 9306 
3 9096 5624 9523
4 2563 5667 9588 1246
2 1974 6617 
3 6390 2448 4368
4 6529 4649 3784 4844
2 4683 6527 
3 9157 118 7036
4 665 8643 1785 1802
2 6470 8219 
3 4685 5508 5469
4 7560 4778 775 6349
2 397 2401 
3 2861 1076 5936
4 9537 8949 9927 1722
2 9590 3284 
3 414 3195 2250
4 6797 9254 6451 9497
2 2987 4095 
3 3718 1394 718
4 3892 1162 2854 5091
2 5899 6313 
3 7117 3677 491
4 1954 9554 7243 5904
2 7368 4708 
3 6465 9029 4423
4 2308 401 2741 644
2 9604 34 
3 8548 1396 6726
4 8124 8147 5916 4929
2 5739 6233 
3 7901 367 852
4 1933 3456 9536 6290
2 4414 2771 
3 9453 3196 282
4 2731 3997 1910 8081
2 5666 3308 
3 7693 911 7237
4 3840 5763 353 2641
2 7351 652 
3 8506 2691 9489
4 3890 9268 779 4451
2 5012 9669 
3 1864 3086 5519
4 417 3814 3103 3669
2 8055 3251 
3 8531 3099 5556
4 9839 6153 4127 1150
2 8970 3675 
3 3405 7206 2873
4 9727 4302 3719 410
2 4890 3465 
3 8148 7215 4356
4 5566 8100 7197 1592
2 5291 9782 
3 745 9223 612
4 6588 6252 7554 2124
2 7454 951 
3 4467 4101 6667
4 300 3958 6825 4223
2 9602 1970 
3 6101 3052 6031
4 6276 2432 9678 2847
2 5870 9245 
3 4402 9743 1694
4 1173 2069 2606 6419
2 5873 8858 
3 2581 2818 3439
4 2447 7860 4315 4282
2 7137 619 
3 6982 2398 4056
4 1088 9314 3860 4630
2 4798 4839 
3 4954 5199 9159
4 7008 9128 1459 9713
2 7353 3359 
3 6466 5705 7364
4 737 9395 7475 2868
2 3727 6898 
3 1752 7417 3588
4 5970 7409 2863 607
2 4105 6587 
3 5167 1780 6699
4 1355 3523 4776 1144
2 7404 3756 
3 1118 6156 983
4 232 6691 1679 4330
2 6160 1925 
3 4964 5479 7921
4 2886 5134 7491 2632
2 1158 6497 
3 6196 7337 4904
4 1065 7345 224 7673
2 1149 5718 
3 3097 1569 3452
4 3157 8109 7223 6604
2 7196 6885 
3 2998 530 1448
4 2018 129 7881 9031
2 2890 47 
3 8749 7322 7499
4 9124 6384 1298 6200
2 8963 1047 
3 8980 6344 4084
4 2774 4631 1295 5270
2 5347 2636 
3 8625 9695 197
4 821 5203 8097 5669
2 8024 3278 
3 4563 3363 3377
4 398 3679 7802 8486
2 5881 1711 
3 1322 16 4947
4 6643 7343 7070 5946
2 4974 9995 
3 2537 5628 7661
4 5531 1516 9509 809
2 7366 1776 
3 9858 166 8224
4 3630 6923 7927 1346
2 6387 1103 
3 5679 6638 2739
4 6524 3088 7520 810
2 5891 4783 
3 2386 8527 114
4 5247 1965 2962 7880
2 589 8328 
3 7175 5406 6178
4 424 2374 6051 2582
2 2355 4611 
3 913 4399 1496
4 538 556 6668 6870
2 6803 394 
3 157 4646 7696
4 5104 7623 1356 2000
2 6654 4740 
3 804 1289 3636
4 3425 2376 2044 2158
2 2430 3713 
3 8632 6424 8574
4 4394 3127 3348 8255
2 292 2965 
3 4286 2664 2477
4 4057 2541 49 6992
2 1252 9796 
3 8231 7248 6764
4 9529 2024 1174 4656
2 5610 7675 
3 9648 6185 848
4 2146 8512 3984 8961
2 6523 181 
3 4151 7847 4957
4 5592 1599 1429 740
2 4073 1042 
3 1963 5059 6835
4 5458 7666 6434 1593
2 6984 4561 
3 8023 6589 8798
4 9971 8600 7754 4808
2 1372 1181 
3 349 7948 4886
4 5119 5252 5684 5457
2 50 4732 
3 3033 4759 7731
4 2821 4450 1949 1347
2 9920 0 
3 5361 731 2136
4 3174 9761 9197 8623
2 6449 6102 
3 4751 7392 2300
4 1020 8811 194 5292
2 7436 3243 
3 8191 8610 2758
4 5720 1494 582 9944
2 4840 9613 
3 1261 2321 7851
4 9845 8582 2746 5895
2 1151 2596 
3 8475 1469 4600
4 419 4431 6911 6823
2 9544 41 
3 524 3998 9130
4 5296 5682 828 3589
2 2127 9745 
3 3068 1099 1254
4 46 3992 2119 9710
2 697 7750 
3 1194 9122 4907
4 5318 345 506 9450
2 6983 5766 
3 9851 1283 1345
4 3973 1709 8156 5429
2 5146 8297 
3 2566 1500 7852
4 1579 7069 9651 4096
2 5499 2778 
3 1809 9872 3928
4 9950 4146 9346 8534
2 9988 6548 
3 8875 1704 5244
4 6139 5711 3060 8950
2 4365 5338 
3 8998 4487 9298
4 8722 9077 8311 7734
2 7384 2694 
3 4960 9722 3368
4 6377 9052 1892 8492
2 303 3605 
3 1403 7045 5467
4 8166 7086 8179 4867
2 5466 1853 
3 7334 7767 2112
4 5478 6479 67 6486
2 3361 3244 
3 2726 2091 8114
4 6302 3824 5030 1260
2 9449 2188 
3 9637 5272 7662
4 4484 5441 2413 155
2 3370 3800 
3 7451 758 7711
4 5483 4749 7143 5530
2 9639 449 
3 3184 5584 2229
4 4662 6474 3383 9712
2 3794 5729 
3 2565 872 1663
4 1906 9909 5395 2152
2 8704 340 
3 5890 5546 6389
4 376 6782 4813 4517
2 874 5302 
3 7898 6352 2651
4 1681 6789 6012 7067
2 3331 168 
3 2644 7472 8806
4 3957 4651 4135 4594
2 15 4849 
3 4301 3449 1991
4 3836 8560 9384 1363
2 8943 8303 
3 9253 9098 5080
4 2749 1364 500 6998
2 6 5772 
3 527 2676 6559
4 7553 2909 8558 3681
2 3181 6855 
3 1224 5805 7470
4 5966 9875 531 3597
2 7428 2805 
3 5746 368 7183
